\BOOKMARK [0][-]{section*.1}{Contents}{}% 1
\BOOKMARK [0][-]{chapter.1}{EMC testing documentation}{}% 2
\BOOKMARK [1][-]{section.1.1}{EMC background}{chapter.1}% 3
\BOOKMARK [1][-]{section.1.2}{Software description}{chapter.1}% 4
\BOOKMARK [0][-]{chapter.2}{Power measurement on the SpiNN4 board}{}% 5
\BOOKMARK [1][-]{section.2.1}{Hardware used}{chapter.2}% 6
\BOOKMARK [2][-]{subsection.2.1.1}{ADC Arduino shield}{section.2.1}% 7
\BOOKMARK [2][-]{subsection.2.1.2}{Shunt amplifier circuits}{section.2.1}% 8
\BOOKMARK [1][-]{section.2.2}{Software used}{chapter.2}% 9
\BOOKMARK [2][-]{subsection.2.2.1}{Arduino Processing software}{section.2.2}% 10
\BOOKMARK [0][-]{chapter.3}{Markov Chain Monte Carlo on SpiNNaker}{}% 11
\BOOKMARK [1][-]{section.3.1}{Example}{chapter.3}% 12
\BOOKMARK [2][-]{subsection.3.1.1}{C}{section.3.1}% 13
\BOOKMARK [1][-]{section.3.2}{Application domains}{chapter.3}% 14
\BOOKMARK [1][-]{section.3.3}{Classification}{chapter.3}% 15
\BOOKMARK [2][-]{subsection.3.3.1}{Random walk Monte Carlo methods}{section.3.3}% 16
\BOOKMARK [0][-]{chapter.4}{Calibrating the SpiNNaker temperature sensors}{}% 17
\BOOKMARK [0][-]{chapter.5}{Event-based camera on cheap smartphone sensors and programmable hardware}{}% 18
\BOOKMARK [1][-]{section.5.1}{Camera}{chapter.5}% 19
\BOOKMARK [1][-]{section.5.2}{OV7670}{chapter.5}% 20
\BOOKMARK [2][-]{subsection.5.2.1}{Introduction}{section.5.2}% 21
\BOOKMARK [1][-]{section.5.3}{OV5642}{chapter.5}% 22
\BOOKMARK [2][-]{subsection.5.3.1}{Introduction}{section.5.3}% 23
\BOOKMARK [1][-]{section.5.4}{Zybo/Zedboard implementation}{chapter.5}% 24
\BOOKMARK [1][-]{section.5.5}{Vivado design}{chapter.5}% 25
